# JRE version: OpenJDK Runtime Environment (20.0.1+9) (build 20.0.1+9-29)
# Java VM: OpenJDK 64-Bit Server VM (20.0.1+9-29, mixed mode, sharing, tiered, compressed oops, compressed class ptrs, g1 gc, windows-amd64)
GC Precious Log:
 CardTable entry size: 512
 Card Set container configuration: InlinePtr #cards 5 size 8 Array Of Cards #cards 12 size 40 Howl #buckets 4 coarsen threshold 1843 Howl Bitmap #cards 512 size 80 coarsen threshold 460 Card regions per heap region 1 cards per card region 2048
 CPUs: 8 total, 8 available
 Memory: 7996M
 Large Page Support: Disabled
 NUMA Support: Disabled
 Compressed Oops: Enabled (32-bit)
 Heap Region Size: 1M
 Heap Min Capacity: 8M
 Heap Initial Capacity: 126M
 Heap Max Capacity: 2000M
 Pre-touch: Disabled
 Parallel Workers: 8
 Concurrent Workers: 2
 Concurrent Refinement Workers: 8
 Periodic GC: Disabled
Heap:
 garbage-first heap   total 100352K, used 78848K [0x0000000083000000, 0x0000000100000000)
  region size 1024K, 43 young (44032K), 5 survivors (5120K)
 Metaspace       used 32123K, committed 32768K, reserved 1114112K
  class space    used 3573K, committed 3840K, reserved 1048576K
GC Heap History (18 events):
Event: 1.098 GC heap before
{Heap before GC invocations=0 (full 0):
 garbage-first heap   total 129024K, used 23552K [0x0000000083000000, 0x0000000100000000)
  region size 1024K, 23 young (23552K), 0 survivors (0K)
 Metaspace       used 5320K, committed 5440K, reserved 1114112K
  class space    used 601K, committed 640K, reserved 1048576K
}
Event: 1.111 GC heap after
{Heap after GC invocations=1 (full 0):
 garbage-first heap   total 129024K, used 3709K [0x0000000083000000, 0x0000000100000000)
  region size 1024K, 3 young (3072K), 3 survivors (3072K)
 Metaspace       used 5320K, committed 5440K, reserved 1114112K
  class space    used 601K, committed 640K, reserved 1048576K
}
Event: 1.999 GC heap before
{Heap before GC invocations=1 (full 0):
 garbage-first heap   total 129024K, used 34429K [0x0000000083000000, 0x0000000100000000)
  region size 1024K, 33 young (33792K), 3 survivors (3072K)
 Metaspace       used 10368K, committed 10624K, reserved 1114112K
  class space    used 1244K, committed 1344K, reserved 1048576K
}
Event: 2.008 GC heap after
{Heap after GC invocations=2 (full 0):
 garbage-first heap   total 129024K, used 5800K [0x0000000083000000, 0x0000000100000000)
  region size 1024K, 3 young (3072K), 3 survivors (3072K)
 Metaspace       used 10368K, committed 10624K, reserved 1114112K
  class space    used 1244K, committed 1344K, reserved 1048576K
}
Event: 4.210 GC heap before
{Heap before GC invocations=2 (full 0):
 garbage-first heap   total 129024K, used 79528K [0x0000000083000000, 0x0000000100000000)
  region size 1024K, 75 young (76800K), 3 survivors (3072K)
 Metaspace       used 13891K, committed 14144K, reserved 1114112K
  class space    used 1535K, committed 1664K, reserved 1048576K
}
Event: 4.229 GC heap after
{Heap after GC invocations=3 (full 0):
 garbage-first heap   total 129024K, used 13361K [0x0000000083000000, 0x0000000100000000)
  region size 1024K, 10 young (10240K), 10 survivors (10240K)
 Metaspace       used 13891K, committed 14144K, reserved 1114112K
  class space    used 1535K, committed 1664K, reserved 1048576K
}
Event: 5.541 GC heap before
{Heap before GC invocations=3 (full 0):
 garbage-first heap   total 129024K, used 54321K [0x0000000083000000, 0x0000000100000000)
  region size 1024K, 50 young (51200K), 10 survivors (10240K)
 Metaspace       used 21210K, committed 21504K, reserved 1114112K
  class space    used 2335K, committed 2496K, reserved 1048576K
}
Event: 5.565 GC heap after
{Heap after GC invocations=4 (full 0):
 garbage-first heap   total 129024K, used 16095K [0x0000000083000000, 0x0000000100000000)
  region size 1024K, 4 young (4096K), 4 survivors (4096K)
 Metaspace       used 21210K, committed 21504K, reserved 1114112K
  class space    used 2335K, committed 2496K, reserved 1048576K
}
Event: 7.904 GC heap before
{Heap before GC invocations=5 (full 0):
 garbage-first heap   total 61440K, used 60127K [0x0000000083000000, 0x0000000100000000)
  region size 1024K, 45 young (46080K), 4 survivors (4096K)
 Metaspace       used 24096K, committed 24448K, reserved 1114112K
  class space    used 2662K, committed 2816K, reserved 1048576K
}
Event: 7.947 GC heap after
{Heap after GC invocations=6 (full 0):
 garbage-first heap   total 78848K, used 31997K [0x0000000083000000, 0x0000000100000000)
  region size 1024K, 10 young (10240K), 10 survivors (10240K)
 Metaspace       used 24096K, committed 24448K, reserved 1114112K
  class space    used 2662K, committed 2816K, reserved 1048576K
}
Event: 9.565 GC heap before
{Heap before GC invocations=6 (full 0):
 garbage-first heap   total 78848K, used 62717K [0x0000000083000000, 0x0000000100000000)
  region size 1024K, 40 young (40960K), 10 survivors (10240K)
 Metaspace       used 25680K, committed 26112K, reserved 1114112K
  class space    used 2821K, committed 3008K, reserved 1048576K
}
Event: 9.598 GC heap after
{Heap after GC invocations=7 (full 0):
 garbage-first heap   total 78848K, used 35840K [0x0000000083000000, 0x0000000100000000)
  region size 1024K, 3 young (3072K), 3 survivors (3072K)
 Metaspace       used 25680K, committed 26112K, reserved 1114112K
  class space    used 2821K, committed 3008K, reserved 1048576K
}
Event: 11.075 GC heap before
{Heap before GC invocations=7 (full 0):
 garbage-first heap   total 78848K, used 65536K [0x0000000083000000, 0x0000000100000000)
  region size 1024K, 32 young (32768K), 3 survivors (3072K)
 Metaspace       used 27543K, committed 28032K, reserved 1114112K
  class space    used 3044K, committed 3264K, reserved 1048576K
}
Event: 11.097 GC heap after
{Heap after GC invocations=8 (full 0):
 garbage-first heap   total 78848K, used 37234K [0x0000000083000000, 0x0000000100000000)
  region size 1024K, 2 young (2048K), 2 survivors (2048K)
 Metaspace       used 27543K, committed 28032K, reserved 1114112K
  class space    used 3044K, committed 3264K, reserved 1048576K
}
Event: 19.230 GC heap before
{Heap before GC invocations=8 (full 0):
 garbage-first heap   total 78848K, used 66930K [0x0000000083000000, 0x0000000100000000)
  region size 1024K, 31 young (31744K), 2 survivors (2048K)
 Metaspace       used 28624K, committed 29120K, reserved 1114112K
  class space    used 3156K, committed 3392K, reserved 1048576K
}
Event: 19.245 GC heap after
{Heap after GC invocations=9 (full 0):
 garbage-first heap   total 95232K, used 37888K [0x0000000083000000, 0x0000000100000000)
  region size 1024K, 3 young (3072K), 3 survivors (3072K)
 Metaspace       used 28624K, committed 29120K, reserved 1114112K
  class space    used 3156K, committed 3392K, reserved 1048576K
}
Event: 26.536 GC heap before
{Heap before GC invocations=10 (full 0):
 garbage-first heap   total 95232K, used 95232K [0x0000000083000000, 0x0000000100000000)
  region size 1024K, 35 young (35840K), 3 survivors (3072K)
 Metaspace       used 31338K, committed 31872K, reserved 1114112K
  class space    used 3480K, committed 3712K, reserved 1048576K
}
Event: 26.553 GC heap after
{Heap after GC invocations=11 (full 0):
 garbage-first heap   total 100352K, used 39936K [0x0000000083000000, 0x0000000100000000)
  region size 1024K, 5 young (5120K), 5 survivors (5120K)
 Metaspace       used 31338K, committed 31872K, reserved 1114112K
  class space    used 3480K, committed 3712K, reserved 1048576K
}

