# JRE version: OpenJDK Runtime Environment (20.0.1+9) (build 20.0.1+9-29)
# Java VM: OpenJDK 64-Bit Server VM (20.0.1+9-29, mixed mode, sharing, tiered, compressed oops, compressed class ptrs, g1 gc, windows-amd64)
GC Precious Log:
 CardTable entry size: 512
 Card Set container configuration: InlinePtr #cards 5 size 8 Array Of Cards #cards 12 size 40 Howl #buckets 4 coarsen threshold 1843 Howl Bitmap #cards 512 size 80 coarsen threshold 460 Card regions per heap region 1 cards per card region 2048
 CPUs: 8 total, 8 available
 Memory: 7996M
 Large Page Support: Disabled
 NUMA Support: Disabled
 Compressed Oops: Enabled (32-bit)
 Heap Region Size: 1M
 Heap Min Capacity: 8M
 Heap Initial Capacity: 126M
 Heap Max Capacity: 2000M
 Pre-touch: Disabled
 Parallel Workers: 8
 Concurrent Workers: 2
 Concurrent Refinement Workers: 8
 Periodic GC: Disabled
Heap:
 garbage-first heap   total 78848K, used 44032K [0x0000000083000000, 0x0000000100000000)
  region size 1024K, 9 young (9216K), 1 survivors (1024K)
 Metaspace       used 28094K, committed 28672K, reserved 1114112K
  class space    used 3131K, committed 3392K, reserved 1048576K
GC Heap History (14 events):
Event: 1.218 GC heap before
{Heap before GC invocations=0 (full 0):
 garbage-first heap   total 129024K, used 22528K [0x0000000083000000, 0x0000000100000000)
  region size 1024K, 23 young (23552K), 0 survivors (0K)
 Metaspace       used 5327K, committed 5440K, reserved 1114112K
  class space    used 601K, committed 640K, reserved 1048576K
}
Event: 1.229 GC heap after
{Heap after GC invocations=1 (full 0):
 garbage-first heap   total 129024K, used 3678K [0x0000000083000000, 0x0000000100000000)
  region size 1024K, 3 young (3072K), 3 survivors (3072K)
 Metaspace       used 5327K, committed 5440K, reserved 1114112K
  class space    used 601K, committed 640K, reserved 1048576K
}
Event: 2.281 GC heap before
{Heap before GC invocations=1 (full 0):
 garbage-first heap   total 129024K, used 34398K [0x0000000083000000, 0x0000000100000000)
  region size 1024K, 33 young (33792K), 3 survivors (3072K)
 Metaspace       used 10360K, committed 10560K, reserved 1114112K
  class space    used 1242K, committed 1344K, reserved 1048576K
}
Event: 2.289 GC heap after
{Heap after GC invocations=2 (full 0):
 garbage-first heap   total 129024K, used 5882K [0x0000000083000000, 0x0000000100000000)
  region size 1024K, 2 young (2048K), 2 survivors (2048K)
 Metaspace       used 10360K, committed 10560K, reserved 1114112K
  class space    used 1242K, committed 1344K, reserved 1048576K
}
Event: 9.870 GC heap before
{Heap before GC invocations=2 (full 0):
 garbage-first heap   total 129024K, used 80634K [0x0000000083000000, 0x0000000100000000)
  region size 1024K, 75 young (76800K), 2 survivors (2048K)
 Metaspace       used 13886K, committed 14144K, reserved 1114112K
  class space    used 1534K, committed 1664K, reserved 1048576K
}
Event: 9.907 GC heap after
{Heap after GC invocations=3 (full 0):
 garbage-first heap   total 129024K, used 13333K [0x0000000083000000, 0x0000000100000000)
  region size 1024K, 10 young (10240K), 10 survivors (10240K)
 Metaspace       used 13886K, committed 14144K, reserved 1114112K
  class space    used 1534K, committed 1664K, reserved 1048576K
}
Event: 36.622 GC heap before
{Heap before GC invocations=3 (full 0):
 garbage-first heap   total 129024K, used 53269K [0x0000000083000000, 0x0000000100000000)
  region size 1024K, 49 young (50176K), 10 survivors (10240K)
 Metaspace       used 21186K, committed 21504K, reserved 1114112K
  class space    used 2334K, committed 2496K, reserved 1048576K
}
Event: 36.651 GC heap after
{Heap after GC invocations=4 (full 0):
 garbage-first heap   total 129024K, used 16088K [0x0000000083000000, 0x0000000100000000)
  region size 1024K, 4 young (4096K), 4 survivors (4096K)
 Metaspace       used 21186K, committed 21504K, reserved 1114112K
  class space    used 2334K, committed 2496K, reserved 1048576K
}
Event: 37.960 GC heap before
{Heap before GC invocations=5 (full 0):
 garbage-first heap   total 61440K, used 60120K [0x0000000083000000, 0x0000000100000000)
  region size 1024K, 45 young (46080K), 4 survivors (4096K)
 Metaspace       used 24071K, committed 24384K, reserved 1114112K
  class space    used 2660K, committed 2816K, reserved 1048576K
}
Event: 37.984 GC heap after
{Heap after GC invocations=6 (full 0):
 garbage-first heap   total 78848K, used 31984K [0x0000000083000000, 0x0000000100000000)
  region size 1024K, 10 young (10240K), 10 survivors (10240K)
 Metaspace       used 24071K, committed 24384K, reserved 1114112K
  class space    used 2660K, committed 2816K, reserved 1048576K
}
Event: 38.862 GC heap before
{Heap before GC invocations=6 (full 0):
 garbage-first heap   total 78848K, used 62704K [0x0000000083000000, 0x0000000100000000)
  region size 1024K, 40 young (40960K), 10 survivors (10240K)
 Metaspace       used 25571K, committed 25920K, reserved 1114112K
  class space    used 2813K, committed 3008K, reserved 1048576K
}
Event: 38.877 GC heap after
{Heap after GC invocations=7 (full 0):
 garbage-first heap   total 78848K, used 36352K [0x0000000083000000, 0x0000000100000000)
  region size 1024K, 4 young (4096K), 4 survivors (4096K)
 Metaspace       used 25571K, committed 25920K, reserved 1114112K
  class space    used 2813K, committed 3008K, reserved 1048576K
}
Event: 39.547 GC heap before
{Heap before GC invocations=7 (full 0):
 garbage-first heap   total 78848K, used 64000K [0x0000000083000000, 0x0000000100000000)
  region size 1024K, 32 young (32768K), 4 survivors (4096K)
 Metaspace       used 26891K, committed 27392K, reserved 1114112K
  class space    used 2965K, committed 3200K, reserved 1048576K
}
Event: 39.558 GC heap after
{Heap after GC invocations=8 (full 0):
 garbage-first heap   total 78848K, used 36864K [0x0000000083000000, 0x0000000100000000)
  region size 1024K, 1 young (1024K), 1 survivors (1024K)
 Metaspace       used 26891K, committed 27392K, reserved 1114112K
  class space    used 2965K, committed 3200K, reserved 1048576K
}

