# JRE version: OpenJDK Runtime Environment (20.0.1+9) (build 20.0.1+9-29)
# Java VM: OpenJDK 64-Bit Server VM (20.0.1+9-29, mixed mode, sharing, tiered, compressed oops, compressed class ptrs, g1 gc, windows-amd64)
GC Precious Log:
 CardTable entry size: 512
 Card Set container configuration: InlinePtr #cards 5 size 8 Array Of Cards #cards 12 size 40 Howl #buckets 4 coarsen threshold 1843 Howl Bitmap #cards 512 size 80 coarsen threshold 460 Card regions per heap region 1 cards per card region 2048
 CPUs: 8 total, 8 available
 Memory: 7996M
 Large Page Support: Disabled
 NUMA Support: Disabled
 Compressed Oops: Enabled (32-bit)
 Heap Region Size: 1M
 Heap Min Capacity: 8M
 Heap Initial Capacity: 126M
 Heap Max Capacity: 2000M
 Pre-touch: Disabled
 Parallel Workers: 8
 Concurrent Workers: 2
 Concurrent Refinement Workers: 8
 Periodic GC: Disabled
Heap:
 garbage-first heap   total 84992K, used 34057K [0x0000000083000000, 0x0000000100000000)
  region size 1024K, 6 young (6144K), 5 survivors (5120K)
 Metaspace       used 32218K, committed 32832K, reserved 1114112K
  class space    used 3580K, committed 3840K, reserved 1048576K
GC Heap History (20 events):
Event: 3.533 GC heap before
{Heap before GC invocations=1 (full 0):
 garbage-first heap   total 129024K, used 34392K [0x0000000083000000, 0x0000000100000000)
  region size 1024K, 33 young (33792K), 3 survivors (3072K)
 Metaspace       used 10367K, committed 10624K, reserved 1114112K
  class space    used 1241K, committed 1344K, reserved 1048576K
}
Event: 3.543 GC heap after
{Heap after GC invocations=2 (full 0):
 garbage-first heap   total 129024K, used 5974K [0x0000000083000000, 0x0000000100000000)
  region size 1024K, 3 young (3072K), 3 survivors (3072K)
 Metaspace       used 10367K, committed 10624K, reserved 1114112K
  class space    used 1241K, committed 1344K, reserved 1048576K
}
Event: 26.561 GC heap before
{Heap before GC invocations=2 (full 0):
 garbage-first heap   total 129024K, used 79702K [0x0000000083000000, 0x0000000100000000)
  region size 1024K, 75 young (76800K), 3 survivors (3072K)
 Metaspace       used 13934K, committed 14208K, reserved 1114112K
  class space    used 1533K, committed 1664K, reserved 1048576K
}
Event: 26.584 GC heap after
{Heap after GC invocations=3 (full 0):
 garbage-first heap   total 129024K, used 12794K [0x0000000083000000, 0x0000000100000000)
  region size 1024K, 9 young (9216K), 9 survivors (9216K)
 Metaspace       used 13934K, committed 14208K, reserved 1114112K
  class space    used 1533K, committed 1664K, reserved 1048576K
}
Event: 45.831 GC heap before
{Heap before GC invocations=3 (full 0):
 garbage-first heap   total 129024K, used 54778K [0x0000000083000000, 0x0000000100000000)
  region size 1024K, 50 young (51200K), 9 survivors (9216K)
 Metaspace       used 21219K, committed 21504K, reserved 1114112K
  class space    used 2332K, committed 2496K, reserved 1048576K
}
Event: 45.877 GC heap after
{Heap after GC invocations=4 (full 0):
 garbage-first heap   total 129024K, used 15840K [0x0000000083000000, 0x0000000100000000)
  region size 1024K, 4 young (4096K), 4 survivors (4096K)
 Metaspace       used 21219K, committed 21504K, reserved 1114112K
  class space    used 2332K, committed 2496K, reserved 1048576K
}
Event: 48.598 GC heap before
{Heap before GC invocations=5 (full 0):
 garbage-first heap   total 58368K, used 57824K [0x0000000083000000, 0x0000000100000000)
  region size 1024K, 43 young (44032K), 4 survivors (4096K)
 Metaspace       used 23986K, committed 24320K, reserved 1114112K
  class space    used 2643K, committed 2816K, reserved 1048576K
}
Event: 48.629 GC heap after
{Heap after GC invocations=6 (full 0):
 garbage-first heap   total 75776K, used 31744K [0x0000000083000000, 0x0000000100000000)
  region size 1024K, 10 young (10240K), 10 survivors (10240K)
 Metaspace       used 23986K, committed 24320K, reserved 1114112K
  class space    used 2643K, committed 2816K, reserved 1048576K
}
Event: 51.363 GC heap before
{Heap before GC invocations=6 (full 0):
 garbage-first heap   total 75776K, used 60416K [0x0000000083000000, 0x0000000100000000)
  region size 1024K, 38 young (38912K), 10 survivors (10240K)
 Metaspace       used 25323K, committed 25728K, reserved 1114112K
  class space    used 2786K, committed 3008K, reserved 1048576K
}
Event: 51.388 GC heap after
{Heap after GC invocations=7 (full 0):
 garbage-first heap   total 75776K, used 36352K [0x0000000083000000, 0x0000000100000000)
  region size 1024K, 4 young (4096K), 4 survivors (4096K)
 Metaspace       used 25323K, committed 25728K, reserved 1114112K
  class space    used 2786K, committed 3008K, reserved 1048576K
}
Event: 52.352 GC heap before
{Heap before GC invocations=7 (full 0):
 garbage-first heap   total 75776K, used 61952K [0x0000000083000000, 0x0000000100000000)
  region size 1024K, 30 young (30720K), 4 survivors (4096K)
 Metaspace       used 26814K, committed 27328K, reserved 1114112K
  class space    used 2962K, committed 3200K, reserved 1048576K
}
Event: 52.359 GC heap after
{Heap after GC invocations=8 (full 0):
 garbage-first heap   total 75776K, used 37376K [0x0000000083000000, 0x0000000100000000)
  region size 1024K, 1 young (1024K), 1 survivors (1024K)
 Metaspace       used 26814K, committed 27328K, reserved 1114112K
  class space    used 2962K, committed 3200K, reserved 1048576K
}
Event: 57.349 GC heap before
{Heap before GC invocations=8 (full 0):
 garbage-first heap   total 75776K, used 65024K [0x0000000083000000, 0x0000000100000000)
  region size 1024K, 28 young (28672K), 1 survivors (1024K)
 Metaspace       used 28402K, committed 28928K, reserved 1114112K
  class space    used 3147K, committed 3392K, reserved 1048576K
}
Event: 57.362 GC heap after
{Heap after GC invocations=9 (full 0):
 garbage-first heap   total 75776K, used 37830K [0x0000000083000000, 0x0000000100000000)
  region size 1024K, 3 young (3072K), 3 survivors (3072K)
 Metaspace       used 28402K, committed 28928K, reserved 1114112K
  class space    used 3147K, committed 3392K, reserved 1048576K
}
Event: 67.681 GC heap before
{Heap before GC invocations=10 (full 0):
 garbage-first heap   total 75776K, used 64454K [0x0000000083000000, 0x0000000100000000)
  region size 1024K, 30 young (30720K), 3 survivors (3072K)
 Metaspace       used 29910K, committed 30400K, reserved 1114112K
  class space    used 3327K, committed 3520K, reserved 1048576K
}
Event: 67.690 GC heap after
{Heap after GC invocations=11 (full 0):
 garbage-first heap   total 75776K, used 39245K [0x0000000083000000, 0x0000000100000000)
  region size 1024K, 3 young (3072K), 3 survivors (3072K)
 Metaspace       used 29910K, committed 30400K, reserved 1114112K
  class space    used 3327K, committed 3520K, reserved 1048576K
}
Event: 69.686 GC heap before
{Heap before GC invocations=11 (full 0):
 garbage-first heap   total 79872K, used 79181K [0x0000000083000000, 0x0000000100000000)
  region size 1024K, 18 young (18432K), 3 survivors (3072K)
 Metaspace       used 31348K, committed 31936K, reserved 1114112K
  class space    used 3484K, committed 3712K, reserved 1048576K
}
Event: 69.711 GC heap after
{Heap after GC invocations=12 (full 0):
 garbage-first heap   total 84992K, used 32189K [0x0000000083000000, 0x0000000100000000)
  region size 1024K, 3 young (3072K), 3 survivors (3072K)
 Metaspace       used 31348K, committed 31936K, reserved 1114112K
  class space    used 3484K, committed 3712K, reserved 1048576K
}
Event: 84.762 GC heap before
{Heap before GC invocations=12 (full 0):
 garbage-first heap   total 84992K, used 73149K [0x0000000083000000, 0x0000000100000000)
  region size 1024K, 43 young (44032K), 3 survivors (3072K)
 Metaspace       used 32189K, committed 32832K, reserved 1114112K
  class space    used 3577K, committed 3840K, reserved 1048576K
}
Event: 84.770 GC heap after
{Heap after GC invocations=13 (full 0):
 garbage-first heap   total 84992K, used 34057K [0x0000000083000000, 0x0000000100000000)
  region size 1024K, 5 young (5120K), 5 survivors (5120K)
 Metaspace       used 32189K, committed 32832K, reserved 1114112K
  class space    used 3577K, committed 3840K, reserved 1048576K
}

