# JRE version: OpenJDK Runtime Environment (20.0.1+9) (build 20.0.1+9-29)
# Java VM: OpenJDK 64-Bit Server VM (20.0.1+9-29, mixed mode, sharing, tiered, compressed oops, compressed class ptrs, g1 gc, windows-amd64)
GC Precious Log:
 CardTable entry size: 512
 Card Set container configuration: InlinePtr #cards 5 size 8 Array Of Cards #cards 12 size 40 Howl #buckets 4 coarsen threshold 1843 Howl Bitmap #cards 512 size 80 coarsen threshold 460 Card regions per heap region 1 cards per card region 2048
 CPUs: 8 total, 8 available
 Memory: 7996M
 Large Page Support: Disabled
 NUMA Support: Disabled
 Compressed Oops: Enabled (32-bit)
 Heap Region Size: 1M
 Heap Min Capacity: 8M
 Heap Initial Capacity: 126M
 Heap Max Capacity: 2000M
 Pre-touch: Disabled
 Parallel Workers: 8
 Concurrent Workers: 2
 Concurrent Refinement Workers: 8
 Periodic GC: Disabled
Heap:
 garbage-first heap   total 96256K, used 66479K [0x0000000083000000, 0x0000000100000000)
  region size 1024K, 5 young (5120K), 2 survivors (2048K)
 Metaspace       used 31217K, committed 31808K, reserved 1114112K
  class space    used 3480K, committed 3776K, reserved 1048576K
GC Heap History (20 events):
Event: 0.905 GC heap before
{Heap before GC invocations=0 (full 0):
 garbage-first heap   total 129024K, used 22528K [0x0000000083000000, 0x0000000100000000)
  region size 1024K, 23 young (23552K), 0 survivors (0K)
 Metaspace       used 5316K, committed 5440K, reserved 1114112K
  class space    used 601K, committed 640K, reserved 1048576K
}
Event: 0.916 GC heap after
{Heap after GC invocations=1 (full 0):
 garbage-first heap   total 129024K, used 3674K [0x0000000083000000, 0x0000000100000000)
  region size 1024K, 3 young (3072K), 3 survivors (3072K)
 Metaspace       used 5316K, committed 5440K, reserved 1114112K
  class space    used 601K, committed 640K, reserved 1048576K
}
Event: 1.829 GC heap before
{Heap before GC invocations=1 (full 0):
 garbage-first heap   total 129024K, used 34394K [0x0000000083000000, 0x0000000100000000)
  region size 1024K, 33 young (33792K), 3 survivors (3072K)
 Metaspace       used 10377K, committed 10624K, reserved 1114112K
  class space    used 1242K, committed 1344K, reserved 1048576K
}
Event: 1.839 GC heap after
{Heap after GC invocations=2 (full 0):
 garbage-first heap   total 129024K, used 5984K [0x0000000083000000, 0x0000000100000000)
  region size 1024K, 3 young (3072K), 3 survivors (3072K)
 Metaspace       used 10377K, committed 10624K, reserved 1114112K
  class space    used 1242K, committed 1344K, reserved 1048576K
}
Event: 3.385 GC heap before
{Heap before GC invocations=2 (full 0):
 garbage-first heap   total 129024K, used 79712K [0x0000000083000000, 0x0000000100000000)
  region size 1024K, 75 young (76800K), 3 survivors (3072K)
 Metaspace       used 13875K, committed 14144K, reserved 1114112K
  class space    used 1533K, committed 1664K, reserved 1048576K
}
Event: 3.407 GC heap after
{Heap after GC invocations=3 (full 0):
 garbage-first heap   total 129024K, used 12977K [0x0000000083000000, 0x0000000100000000)
  region size 1024K, 9 young (9216K), 9 survivors (9216K)
 Metaspace       used 13875K, committed 14144K, reserved 1114112K
  class space    used 1533K, committed 1664K, reserved 1048576K
}
Event: 4.749 GC heap before
{Heap before GC invocations=3 (full 0):
 garbage-first heap   total 129024K, used 52913K [0x0000000083000000, 0x0000000100000000)
  region size 1024K, 49 young (50176K), 9 survivors (9216K)
 Metaspace       used 21221K, committed 21504K, reserved 1114112K
  class space    used 2343K, committed 2496K, reserved 1048576K
}
Event: 4.766 GC heap after
{Heap after GC invocations=4 (full 0):
 garbage-first heap   total 129024K, used 15796K [0x0000000083000000, 0x0000000100000000)
  region size 1024K, 4 young (4096K), 4 survivors (4096K)
 Metaspace       used 21221K, committed 21504K, reserved 1114112K
  class space    used 2343K, committed 2496K, reserved 1048576K
}
Event: 5.778 GC heap before
{Heap before GC invocations=5 (full 0):
 garbage-first heap   total 58368K, used 57780K [0x0000000083000000, 0x0000000100000000)
  region size 1024K, 43 young (44032K), 4 survivors (4096K)
 Metaspace       used 23896K, committed 24256K, reserved 1114112K
  class space    used 2639K, committed 2816K, reserved 1048576K
}
Event: 5.801 GC heap after
{Heap after GC invocations=6 (full 0):
 garbage-first heap   total 75776K, used 31186K [0x0000000083000000, 0x0000000100000000)
  region size 1024K, 10 young (10240K), 10 survivors (10240K)
 Metaspace       used 23896K, committed 24256K, reserved 1114112K
  class space    used 2639K, committed 2816K, reserved 1048576K
}
Event: 6.526 GC heap before
{Heap before GC invocations=6 (full 0):
 garbage-first heap   total 75776K, used 59858K [0x0000000083000000, 0x0000000100000000)
  region size 1024K, 38 young (38912K), 10 survivors (10240K)
 Metaspace       used 25225K, committed 25664K, reserved 1114112K
  class space    used 2787K, committed 3008K, reserved 1048576K
}
Event: 6.542 GC heap after
{Heap after GC invocations=7 (full 0):
 garbage-first heap   total 75776K, used 35794K [0x0000000083000000, 0x0000000100000000)
  region size 1024K, 4 young (4096K), 4 survivors (4096K)
 Metaspace       used 25225K, committed 25664K, reserved 1114112K
  class space    used 2787K, committed 3008K, reserved 1048576K
}
Event: 7.175 GC heap before
{Heap before GC invocations=7 (full 0):
 garbage-first heap   total 75776K, used 61394K [0x0000000083000000, 0x0000000100000000)
  region size 1024K, 30 young (30720K), 4 survivors (4096K)
 Metaspace       used 26713K, committed 27264K, reserved 1114112K
  class space    used 2961K, committed 3200K, reserved 1048576K
}
Event: 7.183 GC heap after
{Heap after GC invocations=8 (full 0):
 garbage-first heap   total 91136K, used 36818K [0x0000000083000000, 0x0000000100000000)
  region size 1024K, 1 young (1024K), 1 survivors (1024K)
 Metaspace       used 26713K, committed 27264K, reserved 1114112K
  class space    used 2961K, committed 3200K, reserved 1048576K
}
Event: 14.500 GC heap before
{Heap before GC invocations=8 (full 0):
 garbage-first heap   total 91136K, used 75730K [0x0000000083000000, 0x0000000100000000)
  region size 1024K, 39 young (39936K), 1 survivors (1024K)
 Metaspace       used 28555K, committed 29120K, reserved 1114112K
  class space    used 3155K, committed 3456K, reserved 1048576K
}
Event: 14.511 GC heap after
{Heap after GC invocations=9 (full 0):
 garbage-first heap   total 91136K, used 38141K [0x0000000083000000, 0x0000000100000000)
  region size 1024K, 4 young (4096K), 4 survivors (4096K)
 Metaspace       used 28555K, committed 29120K, reserved 1114112K
  class space    used 3155K, committed 3456K, reserved 1048576K
}
Event: 17.670 GC heap before
{Heap before GC invocations=9 (full 0):
 garbage-first heap   total 91136K, used 69885K [0x0000000083000000, 0x0000000100000000)
  region size 1024K, 30 young (30720K), 4 survivors (4096K)
 Metaspace       used 30968K, committed 31616K, reserved 1114112K
  class space    used 3445K, committed 3776K, reserved 1048576K
}
Event: 17.680 GC heap after
{Heap after GC invocations=10 (full 0):
 garbage-first heap   total 91136K, used 46034K [0x0000000083000000, 0x0000000100000000)
  region size 1024K, 5 young (5120K), 5 survivors (5120K)
 Metaspace       used 30968K, committed 31616K, reserved 1114112K
  class space    used 3445K, committed 3776K, reserved 1048576K
}
Event: 17.713 GC heap before
{Heap before GC invocations=10 (full 0):
 garbage-first heap   total 91136K, used 48082K [0x0000000083000000, 0x0000000100000000)
  region size 1024K, 6 young (6144K), 5 survivors (5120K)
 Metaspace       used 31079K, committed 31680K, reserved 1114112K
  class space    used 3463K, committed 3776K, reserved 1048576K
}
Event: 17.719 GC heap after
{Heap after GC invocations=11 (full 0):
 garbage-first heap   total 91136K, used 48047K [0x0000000083000000, 0x0000000100000000)
  region size 1024K, 2 young (2048K), 2 survivors (2048K)
 Metaspace       used 31079K, committed 31680K, reserved 1114112K
  class space    used 3463K, committed 3776K, reserved 1048576K
}

