# JRE version: OpenJDK Runtime Environment (20.0.1+9) (build 20.0.1+9-29)
# Java VM: OpenJDK 64-Bit Server VM (20.0.1+9-29, mixed mode, sharing, tiered, compressed oops, compressed class ptrs, g1 gc, windows-amd64)
GC Precious Log:
 CardTable entry size: 512
 Card Set container configuration: InlinePtr #cards 5 size 8 Array Of Cards #cards 12 size 40 Howl #buckets 4 coarsen threshold 1843 Howl Bitmap #cards 512 size 80 coarsen threshold 460 Card regions per heap region 1 cards per card region 2048
 CPUs: 8 total, 8 available
 Memory: 7996M
 Large Page Support: Disabled
 NUMA Support: Disabled
 Compressed Oops: Enabled (32-bit)
 Heap Region Size: 1M
 Heap Min Capacity: 8M
 Heap Initial Capacity: 126M
 Heap Max Capacity: 2000M
 Pre-touch: Disabled
 Parallel Workers: 8
 Concurrent Workers: 2
 Concurrent Refinement Workers: 8
 Periodic GC: Disabled
Heap:
 garbage-first heap   total 84992K, used 63968K [0x0000000083000000, 0x0000000100000000)
  region size 1024K, 28 young (28672K), 3 survivors (3072K)
 Metaspace       used 31134K, committed 31744K, reserved 1114112K
  class space    used 3446K, committed 3712K, reserved 1048576K
GC Heap History (20 events):
Event: 1.441 GC heap before
{Heap before GC invocations=0 (full 0):
 garbage-first heap   total 129024K, used 22528K [0x0000000083000000, 0x0000000100000000)
  region size 1024K, 23 young (23552K), 0 survivors (0K)
 Metaspace       used 5323K, committed 5440K, reserved 1114112K
  class space    used 601K, committed 640K, reserved 1048576K
}
Event: 1.452 GC heap after
{Heap after GC invocations=1 (full 0):
 garbage-first heap   total 129024K, used 3669K [0x0000000083000000, 0x0000000100000000)
  region size 1024K, 3 young (3072K), 3 survivors (3072K)
 Metaspace       used 5323K, committed 5440K, reserved 1114112K
  class space    used 601K, committed 640K, reserved 1048576K
}
Event: 2.345 GC heap before
{Heap before GC invocations=1 (full 0):
 garbage-first heap   total 129024K, used 34389K [0x0000000083000000, 0x0000000100000000)
  region size 1024K, 33 young (33792K), 3 survivors (3072K)
 Metaspace       used 10378K, committed 10560K, reserved 1114112K
  class space    used 1242K, committed 1344K, reserved 1048576K
}
Event: 2.356 GC heap after
{Heap after GC invocations=2 (full 0):
 garbage-first heap   total 129024K, used 5878K [0x0000000083000000, 0x0000000100000000)
  region size 1024K, 3 young (3072K), 3 survivors (3072K)
 Metaspace       used 10378K, committed 10560K, reserved 1114112K
  class space    used 1242K, committed 1344K, reserved 1048576K
}
Event: 10.402 GC heap before
{Heap before GC invocations=2 (full 0):
 garbage-first heap   total 129024K, used 79606K [0x0000000083000000, 0x0000000100000000)
  region size 1024K, 75 young (76800K), 3 survivors (3072K)
 Metaspace       used 13887K, committed 14144K, reserved 1114112K
  class space    used 1533K, committed 1664K, reserved 1048576K
}
Event: 10.418 GC heap after
{Heap after GC invocations=3 (full 0):
 garbage-first heap   total 129024K, used 13387K [0x0000000083000000, 0x0000000100000000)
  region size 1024K, 10 young (10240K), 10 survivors (10240K)
 Metaspace       used 13887K, committed 14144K, reserved 1114112K
  class space    used 1533K, committed 1664K, reserved 1048576K
}
Event: 20.682 GC heap before
{Heap before GC invocations=3 (full 0):
 garbage-first heap   total 129024K, used 54347K [0x0000000083000000, 0x0000000100000000)
  region size 1024K, 50 young (51200K), 10 survivors (10240K)
 Metaspace       used 21219K, committed 21504K, reserved 1114112K
  class space    used 2334K, committed 2496K, reserved 1048576K
}
Event: 20.709 GC heap after
{Heap after GC invocations=4 (full 0):
 garbage-first heap   total 129024K, used 16323K [0x0000000083000000, 0x0000000100000000)
  region size 1024K, 4 young (4096K), 4 survivors (4096K)
 Metaspace       used 21219K, committed 21504K, reserved 1114112K
  class space    used 2334K, committed 2496K, reserved 1048576K
}
Event: 22.513 GC heap before
{Heap before GC invocations=5 (full 0):
 garbage-first heap   total 61440K, used 61379K [0x0000000083000000, 0x0000000100000000)
  region size 1024K, 46 young (47104K), 4 survivors (4096K)
 Metaspace       used 24108K, committed 24512K, reserved 1114112K
  class space    used 2657K, committed 2816K, reserved 1048576K
}
Event: 22.534 GC heap after
{Heap after GC invocations=6 (full 0):
 garbage-first heap   total 78848K, used 31744K [0x0000000083000000, 0x0000000100000000)
  region size 1024K, 10 young (10240K), 10 survivors (10240K)
 Metaspace       used 24108K, committed 24512K, reserved 1114112K
  class space    used 2657K, committed 2816K, reserved 1048576K
}
Event: 23.654 GC heap before
{Heap before GC invocations=6 (full 0):
 garbage-first heap   total 78848K, used 63488K [0x0000000083000000, 0x0000000100000000)
  region size 1024K, 41 young (41984K), 10 survivors (10240K)
 Metaspace       used 25689K, committed 26112K, reserved 1114112K
  class space    used 2826K, committed 3008K, reserved 1048576K
}
Event: 23.672 GC heap after
{Heap after GC invocations=7 (full 0):
 garbage-first heap   total 78848K, used 35840K [0x0000000083000000, 0x0000000100000000)
  region size 1024K, 3 young (3072K), 3 survivors (3072K)
 Metaspace       used 25689K, committed 26112K, reserved 1114112K
  class space    used 2826K, committed 3008K, reserved 1048576K
}
Event: 26.321 GC heap before
{Heap before GC invocations=7 (full 0):
 garbage-first heap   total 78848K, used 64512K [0x0000000083000000, 0x0000000100000000)
  region size 1024K, 32 young (32768K), 3 survivors (3072K)
 Metaspace       used 27356K, committed 27904K, reserved 1114112K
  class space    used 3015K, committed 3264K, reserved 1048576K
}
Event: 26.331 GC heap after
{Heap after GC invocations=8 (full 0):
 garbage-first heap   total 78848K, used 36864K [0x0000000083000000, 0x0000000100000000)
  region size 1024K, 2 young (2048K), 2 survivors (2048K)
 Metaspace       used 27356K, committed 27904K, reserved 1114112K
  class space    used 3015K, committed 3264K, reserved 1048576K
}
Event: 33.104 GC heap before
{Heap before GC invocations=8 (full 0):
 garbage-first heap   total 78848K, used 67584K [0x0000000083000000, 0x0000000100000000)
  region size 1024K, 32 young (32768K), 2 survivors (2048K)
 Metaspace       used 29106K, committed 29632K, reserved 1114112K
  class space    used 3223K, committed 3456K, reserved 1048576K
}
Event: 33.109 GC heap after
{Heap after GC invocations=9 (full 0):
 garbage-first heap   total 78848K, used 38093K [0x0000000083000000, 0x0000000100000000)
  region size 1024K, 4 young (4096K), 4 survivors (4096K)
 Metaspace       used 29106K, committed 29632K, reserved 1114112K
  class space    used 3223K, committed 3456K, reserved 1048576K
}
Event: 34.444 GC heap before
{Heap before GC invocations=9 (full 0):
 garbage-first heap   total 78848K, used 45261K [0x0000000083000000, 0x0000000100000000)
  region size 1024K, 12 young (12288K), 4 survivors (4096K)
 Metaspace       used 29984K, committed 30528K, reserved 1114112K
  class space    used 3313K, committed 3584K, reserved 1048576K
}
Event: 34.459 GC heap after
{Heap after GC invocations=10 (full 0):
 garbage-first heap   total 78848K, used 39012K [0x0000000083000000, 0x0000000100000000)
  region size 1024K, 3 young (3072K), 3 survivors (3072K)
 Metaspace       used 29984K, committed 30528K, reserved 1114112K
  class space    used 3313K, committed 3584K, reserved 1048576K
}
Event: 49.249 GC heap before
{Heap before GC invocations=11 (full 0):
 garbage-first heap   total 81920K, used 80996K [0x0000000083000000, 0x0000000100000000)
  region size 1024K, 20 young (20480K), 3 survivors (3072K)
 Metaspace       used 30370K, committed 30912K, reserved 1114112K
  class space    used 3353K, committed 3584K, reserved 1048576K
}
Event: 49.261 GC heap after
{Heap after GC invocations=12 (full 0):
 garbage-first heap   total 84992K, used 39392K [0x0000000083000000, 0x0000000100000000)
  region size 1024K, 3 young (3072K), 3 survivors (3072K)
 Metaspace       used 30370K, committed 30912K, reserved 1114112K
  class space    used 3353K, committed 3584K, reserved 1048576K
}

