# JRE version: OpenJDK Runtime Environment (20.0.1+9) (build 20.0.1+9-29)
# Java VM: OpenJDK 64-Bit Server VM (20.0.1+9-29, mixed mode, sharing, tiered, compressed oops, compressed class ptrs, g1 gc, windows-amd64)
GC Precious Log:
 CardTable entry size: 512
 Card Set container configuration: InlinePtr #cards 5 size 8 Array Of Cards #cards 12 size 40 Howl #buckets 4 coarsen threshold 1843 Howl Bitmap #cards 512 size 80 coarsen threshold 460 Card regions per heap region 1 cards per card region 2048
 CPUs: 8 total, 8 available
 Memory: 7996M
 Large Page Support: Disabled
 NUMA Support: Disabled
 Compressed Oops: Enabled (32-bit)
 Heap Region Size: 1M
 Heap Min Capacity: 8M
 Heap Initial Capacity: 126M
 Heap Max Capacity: 2000M
 Pre-touch: Disabled
 Parallel Workers: 8
 Concurrent Workers: 2
 Concurrent Refinement Workers: 8
 Periodic GC: Disabled
Heap:
 garbage-first heap   total 93184K, used 34586K [0x0000000083000000, 0x0000000100000000)
  region size 1024K, 6 young (6144K), 5 survivors (5120K)
 Metaspace       used 31622K, committed 32256K, reserved 1114112K
  class space    used 3513K, committed 3840K, reserved 1048576K
GC Heap History (20 events):
Event: 1.162 GC heap before
{Heap before GC invocations=0 (full 0):
 garbage-first heap   total 129024K, used 23552K [0x0000000083000000, 0x0000000100000000)
  region size 1024K, 23 young (23552K), 0 survivors (0K)
 Metaspace       used 5320K, committed 5440K, reserved 1114112K
  class space    used 601K, committed 640K, reserved 1048576K
}
Event: 1.172 GC heap after
{Heap after GC invocations=1 (full 0):
 garbage-first heap   total 129024K, used 3669K [0x0000000083000000, 0x0000000100000000)
  region size 1024K, 3 young (3072K), 3 survivors (3072K)
 Metaspace       used 5320K, committed 5440K, reserved 1114112K
  class space    used 601K, committed 640K, reserved 1048576K
}
Event: 2.380 GC heap before
{Heap before GC invocations=1 (full 0):
 garbage-first heap   total 129024K, used 34389K [0x0000000083000000, 0x0000000100000000)
  region size 1024K, 33 young (33792K), 3 survivors (3072K)
 Metaspace       used 10398K, committed 10624K, reserved 1114112K
  class space    used 1244K, committed 1344K, reserved 1048576K
}
Event: 2.389 GC heap after
{Heap after GC invocations=2 (full 0):
 garbage-first heap   total 129024K, used 5872K [0x0000000083000000, 0x0000000100000000)
  region size 1024K, 3 young (3072K), 3 survivors (3072K)
 Metaspace       used 10398K, committed 10624K, reserved 1114112K
  class space    used 1244K, committed 1344K, reserved 1048576K
}
Event: 11.202 GC heap before
{Heap before GC invocations=2 (full 0):
 garbage-first heap   total 129024K, used 79600K [0x0000000083000000, 0x0000000100000000)
  region size 1024K, 75 young (76800K), 3 survivors (3072K)
 Metaspace       used 13915K, committed 14208K, reserved 1114112K
  class space    used 1534K, committed 1664K, reserved 1048576K
}
Event: 11.246 GC heap after
{Heap after GC invocations=3 (full 0):
 garbage-first heap   total 129024K, used 13373K [0x0000000083000000, 0x0000000100000000)
  region size 1024K, 10 young (10240K), 10 survivors (10240K)
 Metaspace       used 13915K, committed 14208K, reserved 1114112K
  class space    used 1534K, committed 1664K, reserved 1048576K
}
Event: 23.076 GC heap before
{Heap before GC invocations=3 (full 0):
 garbage-first heap   total 129024K, used 53309K [0x0000000083000000, 0x0000000100000000)
  region size 1024K, 50 young (51200K), 10 survivors (10240K)
 Metaspace       used 21155K, committed 21504K, reserved 1114112K
  class space    used 2333K, committed 2496K, reserved 1048576K
}
Event: 23.111 GC heap after
{Heap after GC invocations=4 (full 0):
 garbage-first heap   total 129024K, used 15830K [0x0000000083000000, 0x0000000100000000)
  region size 1024K, 4 young (4096K), 4 survivors (4096K)
 Metaspace       used 21155K, committed 21504K, reserved 1114112K
  class space    used 2333K, committed 2496K, reserved 1048576K
}
Event: 25.522 GC heap before
{Heap before GC invocations=5 (full 0):
 garbage-first heap   total 58368K, used 57814K [0x0000000083000000, 0x0000000100000000)
  region size 1024K, 43 young (44032K), 4 survivors (4096K)
 Metaspace       used 23981K, committed 24384K, reserved 1114112K
  class space    used 2645K, committed 2816K, reserved 1048576K
}
Event: 25.562 GC heap after
{Heap after GC invocations=6 (full 0):
 garbage-first heap   total 74752K, used 30706K [0x0000000083000000, 0x0000000100000000)
  region size 1024K, 10 young (10240K), 10 survivors (10240K)
 Metaspace       used 23981K, committed 24384K, reserved 1114112K
  class space    used 2645K, committed 2816K, reserved 1048576K
}
Event: 27.064 GC heap before
{Heap before GC invocations=6 (full 0):
 garbage-first heap   total 74752K, used 59378K [0x0000000083000000, 0x0000000100000000)
  region size 1024K, 38 young (38912K), 10 survivors (10240K)
 Metaspace       used 25301K, committed 25728K, reserved 1114112K
  class space    used 2795K, committed 3008K, reserved 1048576K
}
Event: 27.104 GC heap after
{Heap after GC invocations=7 (full 0):
 garbage-first heap   total 75776K, used 35314K [0x0000000083000000, 0x0000000100000000)
  region size 1024K, 4 young (4096K), 4 survivors (4096K)
 Metaspace       used 25301K, committed 25728K, reserved 1114112K
  class space    used 2795K, committed 3008K, reserved 1048576K
}
Event: 28.516 GC heap before
{Heap before GC invocations=7 (full 0):
 garbage-first heap   total 75776K, used 61938K [0x0000000083000000, 0x0000000100000000)
  region size 1024K, 31 young (31744K), 4 survivors (4096K)
 Metaspace       used 27343K, committed 27840K, reserved 1114112K
  class space    used 3023K, committed 3264K, reserved 1048576K
}
Event: 28.532 GC heap after
{Heap after GC invocations=8 (full 0):
 garbage-first heap   total 75776K, used 35826K [0x0000000083000000, 0x0000000100000000)
  region size 1024K, 1 young (1024K), 1 survivors (1024K)
 Metaspace       used 27343K, committed 27840K, reserved 1114112K
  class space    used 3023K, committed 3264K, reserved 1048576K
}
Event: 36.931 GC heap before
{Heap before GC invocations=8 (full 0):
 garbage-first heap   total 75776K, used 64498K [0x0000000083000000, 0x0000000100000000)
  region size 1024K, 29 young (29696K), 1 survivors (1024K)
 Metaspace       used 28346K, committed 28864K, reserved 1114112K
  class space    used 3121K, committed 3392K, reserved 1048576K
}
Event: 36.945 GC heap after
{Heap after GC invocations=9 (full 0):
 garbage-first heap   total 75776K, used 36850K [0x0000000083000000, 0x0000000100000000)
  region size 1024K, 3 young (3072K), 3 survivors (3072K)
 Metaspace       used 28346K, committed 28864K, reserved 1114112K
  class space    used 3121K, committed 3392K, reserved 1048576K
}
Event: 42.693 GC heap before
{Heap before GC invocations=10 (full 0):
 garbage-first heap   total 88064K, used 88050K [0x0000000083000000, 0x0000000100000000)
  region size 1024K, 29 young (29696K), 3 survivors (3072K)
 Metaspace       used 30779K, committed 31360K, reserved 1114112K
  class space    used 3419K, committed 3712K, reserved 1048576K
}
Event: 42.708 GC heap after
{Heap after GC invocations=11 (full 0):
 garbage-first heap   total 93184K, used 38638K [0x0000000083000000, 0x0000000100000000)
  region size 1024K, 2 young (2048K), 2 survivors (2048K)
 Metaspace       used 30779K, committed 31360K, reserved 1114112K
  class space    used 3419K, committed 3712K, reserved 1048576K
}
Event: 58.467 GC heap before
{Heap before GC invocations=11 (full 0):
 garbage-first heap   total 93184K, used 80622K [0x0000000083000000, 0x0000000100000000)
  region size 1024K, 42 young (43008K), 2 survivors (2048K)
 Metaspace       used 31622K, committed 32256K, reserved 1114112K
  class space    used 3513K, committed 3840K, reserved 1048576K
}
Event: 58.481 GC heap after
{Heap after GC invocations=12 (full 0):
 garbage-first heap   total 93184K, used 34586K [0x0000000083000000, 0x0000000100000000)
  region size 1024K, 5 young (5120K), 5 survivors (5120K)
 Metaspace       used 31622K, committed 32256K, reserved 1114112K
  class space    used 3513K, committed 3840K, reserved 1048576K
}

